#
# There is insufficient memory for the Java Runtime Environment to continue.
# Native memory allocation (mmap) failed to map 264241152 bytes. Error detail: G1 virtual space
# Possible reasons:
#   The system is out of physical RAM or swap space
#   This process is running with CompressedOops enabled, and the Java Heap may be blocking the growth of the native heap
# Possible solutions:
#   Reduce memory load on the system
#   Increase physical memory or swap space
#   Check if swap backing store is full
#   Decrease Java heap size (-Xmx/-Xms)
#   Decrease number of Java threads
#   Decrease Java thread stack sizes (-Xss)
#   Set larger code cache with -XX:ReservedCodeCacheSize=
#   JVM is running with Zero Based Compressed Oops mode in which the Java heap is
#     placed in the first 32GB address space. The Java Heap base address is the
#     maximum limit for the native heap growth. Please use -XX:HeapBaseMinAddress
#     to set the Java Heap base and to place the Java Heap above 32GB virtual address.
# This output file may be truncated or incomplete.
#
#  Out of Memory Error (os_windows.cpp:3618), pid=32584, tid=37076
#
# JRE version:  (17.0.15+6) (build )
# Java VM: OpenJDK 64-Bit Server VM (17.0.15+6, mixed mode, emulated-client, sharing, tiered, compressed oops, compressed class ptrs, g1 gc, windows-amd64)
# No core dump will be written. Minidumps are not enabled by default on client versions of Windows
#

---------------  S U M M A R Y ------------

Command Line: -XX:TieredStopAtLevel=1 -Dfile.encoding=UTF-8 -Duser.country=PE -Duser.language=es -Duser.variant -agentpath:C:\Program Files\Palo Alto Networks\Traps\cyjagent.dll com.pedro.notification.NotificationApplication

Host: 11th Gen Intel(R) Core(TM) i7-1185G7 @ 3.00GHz, 8 cores, 15G,  Windows 11 , 64 bit Build 26100 (10.0.26100.4484)
Time: Wed Aug  6 11:22:17 2025 Hora est. Pacífico, Sudamérica elapsed time: 1.680204 seconds (0d 0h 0m 1s)

---------------  T H R E A D  ---------------

Current thread (0x000001551166d830):  JavaThread "Unknown thread" [_thread_in_vm, id=37076, stack(0x0000002700900000,0x0000002700a00000)]

Stack: [0x0000002700900000,0x0000002700a00000]
Native frames: (J=compiled Java code, j=interpreted, Vv=VM code, C=native code)
V  [jvm.dll+0x682fc9]
V  [jvm.dll+0x839878]
V  [jvm.dll+0x83b323]
V  [jvm.dll+0x83b993]
V  [jvm.dll+0x24725f]
V  [jvm.dll+0x67fda9]
V  [jvm.dll+0x674c9a]
V  [jvm.dll+0x304d06]
V  [jvm.dll+0x30c1c6]
V  [jvm.dll+0x35dd4e]
V  [jvm.dll+0x35df8d]
V  [jvm.dll+0x2dc0cc]
V  [jvm.dll+0x2dcfe4]
V  [jvm.dll+0x80b7cb]
V  [jvm.dll+0x36b781]
V  [jvm.dll+0x7ea31f]
V  [jvm.dll+0x3f237e]
V  [jvm.dll+0x3f3eb1]
C  [cyvrtrap.dll+0x13b43]
C  [jli.dll+0x5278]
C  [ucrtbase.dll+0x37b0]
C  [cyinjct.dll+0x11e7]
C  [KERNEL32.DLL+0x2e8d7]
C  [ntdll.dll+0x3c34c]


---------------  P R O C E S S  ---------------

Threads class SMR info:
_java_thread_list=0x00007ff8add87f58, length=0, elements={
}

Java Threads: ( => current thread )

Other Threads:
  0x00000155116ba290 GCTaskThread "GC Thread#0" [stack: 0x0000002700a00000,0x0000002700b00000] [id=3080]
  0x000001552797ce30 ConcurrentGCThread "G1 Main Marker" [stack: 0x0000002700b00000,0x0000002700c00000] [id=36776]
  0x000001552797d760 ConcurrentGCThread "G1 Conc#0" [stack: 0x0000002700c00000,0x0000002700d00000] [id=39748]

[error occurred during error reporting (printing all threads), id 0xc0000005, EXCEPTION_ACCESS_VIOLATION (0xc0000005) at pc=0x00007ff8ad53cbf7]

VM state: not at safepoint (not fully initialized)

VM Mutex/Monitor currently owned by a thread:  ([mutex/lock_event])
[0x000001551166c830] Heap_lock - owner thread: 0x000001551166d830

Heap address: 0x0000000704e00000, size: 4018 MB, Compressed Oops mode: Zero based, Oop shift amount: 3

CDS archive(s) mapped at: [0x0000000000000000-0x0000000000000000-0x0000000000000000), size 0, SharedBaseAddress: 0x0000000800000000, ArchiveRelocationMode: 1.
Narrow klass base: 0x0000000000000000, Narrow klass shift: 0, Narrow klass range: 0x0

GC Precious Log:
<Empty>

Heap:
 garbage-first heap   total 0K, used 0K [0x0000000704e00000, 0x0000000800000000)
  region size 2048K, 0 young (0K), 0 survivors (0K)

[error occurred during error reporting (printing heap information), id 0xc0000005, EXCEPTION_ACCESS_VIOLATION (0xc0000005) at pc=0x00007ff8ad92c689]

GC Heap History (0 events):
No events

Dll operation events (1 events):
Event: 0.118 Loaded shared library C:\Users\pedro.sotelo\Documents\Inetum\Capacitacion\OpenJDK17U-jdk_x64_windows_hotspot_17.0.15_6\jdk-17.0.15+6\bin\java.dll

Deoptimization events (0 events):
No events

Classes loaded (0 events):
No events

Classes unloaded (0 events):
No events

Classes redefined (0 events):
No events

Internal exceptions (0 events):
No events

VM Operations (0 events):
No events

Memory protections (0 events):
No events

Nmethod flushes (0 events):
No events

Events (0 events):
No events


Dynamic libraries:
0x00007ff6afad0000 - 0x00007ff6afade000 	C:\Users\pedro.sotelo\Documents\Inetum\Capacitacion\OpenJDK17U-jdk_x64_windows_hotspot_17.0.15_6\jdk-17.0.15+6\bin\java.exe
0x00007ff9598c0000 - 0x00007ff959b28000 	C:\Windows\SYSTEM32\ntdll.dll
0x00007ff9595e0000 - 0x00007ff9596a9000 	C:\Windows\System32\KERNEL32.DLL
0x00007ff9591f0000 - 0x00007ff9595dd000 	C:\Windows\System32\KERNELBASE.dll
0x000000007abb0000 - 0x000000007abec000 	C:\Windows\System32\cyinjct.dll
0x00007ff959080000 - 0x00007ff959089000 	C:\Windows\System32\ntnativeapi.dll
0x00007ff939f30000 - 0x00007ff939f47000 	C:\Users\pedro.sotelo\Documents\Inetum\Capacitacion\OpenJDK17U-jdk_x64_windows_hotspot_17.0.15_6\jdk-17.0.15+6\bin\jli.dll
0x00000155110d0000 - 0x000001551129c000 	C:\Windows\System32\USER32.dll
0x00007ff9568e0000 - 0x00007ff956907000 	C:\Windows\System32\win32u.dll
0x00007ff957d90000 - 0x00007ff957dbb000 	C:\Windows\System32\GDI32.dll
0x00007ff956b20000 - 0x00007ff956c57000 	C:\Windows\System32\gdi32full.dll
0x00007ff9569d0000 - 0x00007ff956a73000 	C:\Windows\System32\msvcp_win.dll
0x00000155112a0000 - 0x00000155113eb000 	C:\Windows\System32\ucrtbase.dll
0x00007ff92f200000 - 0x00007ff92f21e000 	C:\Users\pedro.sotelo\Documents\Inetum\Capacitacion\OpenJDK17U-jdk_x64_windows_hotspot_17.0.15_6\jdk-17.0.15+6\bin\VCRUNTIME140.dll
0x00007ff934740000 - 0x00007ff9349da000 	C:\Windows\WinSxS\amd64_microsoft.windows.common-controls_6595b64144ccf1df_6.0.26100.4484_none_3e0e6d4ce32ef3b3\COMCTL32.dll
0x00007ff958330000 - 0x00007ff9583d9000 	C:\Windows\System32\msvcrt.dll
0x00007ff959060000 - 0x00007ff95907e000 	C:\Windows\System32\cyvera.dll
0x00007ff958fe0000 - 0x00007ff959060000 	C:\Windows\System32\cyvrtrap.dll
0x00007ff9582f0000 - 0x00007ff95831f000 	C:\Windows\System32\IMM32.DLL
0x00007ff9243a0000 - 0x00007ff9243e6000 	C:\Program Files\AppSense\Application Manager\Agent\AMLdrAppInit.dll
0x00007ff939f20000 - 0x00007ff939f2c000 	C:\Users\pedro.sotelo\Documents\Inetum\Capacitacion\OpenJDK17U-jdk_x64_windows_hotspot_17.0.15_6\jdk-17.0.15+6\bin\vcruntime140_1.dll
0x00007ff955640000 - 0x00007ff95565b000 	C:\Windows\SYSTEM32\kernel.appcore.dll
0x00007ff92ed50000 - 0x00007ff92eddd000 	C:\Users\pedro.sotelo\Documents\Inetum\Capacitacion\OpenJDK17U-jdk_x64_windows_hotspot_17.0.15_6\jdk-17.0.15+6\bin\msvcp140.dll
0x00007ff8ad250000 - 0x00007ff8adebb000 	C:\Users\pedro.sotelo\Documents\Inetum\Capacitacion\OpenJDK17U-jdk_x64_windows_hotspot_17.0.15_6\jdk-17.0.15+6\bin\server\jvm.dll
0x00007ff957fc0000 - 0x00007ff958074000 	C:\Windows\System32\ADVAPI32.dll
0x00007ff957f10000 - 0x00007ff957fb6000 	C:\Windows\System32\sechost.dll
0x00007ff9590d0000 - 0x00007ff9591e8000 	C:\Windows\System32\RPCRT4.dll
0x00007ff958270000 - 0x00007ff9582e4000 	C:\Windows\System32\WS2_32.dll
0x00007ff956730000 - 0x00007ff95678e000 	C:\Windows\SYSTEM32\POWRPROF.dll
0x00007ff94aee0000 - 0x00007ff94af15000 	C:\Windows\SYSTEM32\WINMM.dll
0x00007ff943020000 - 0x00007ff94302b000 	C:\Windows\SYSTEM32\VERSION.dll
0x00007ff956710000 - 0x00007ff956724000 	C:\Windows\SYSTEM32\UMPDC.dll
0x00007ff92f1b0000 - 0x00007ff92f1ba000 	C:\Users\pedro.sotelo\Documents\Inetum\Capacitacion\OpenJDK17U-jdk_x64_windows_hotspot_17.0.15_6\jdk-17.0.15+6\bin\jimage.dll
0x00007ff953a30000 - 0x00007ff953c71000 	C:\Windows\SYSTEM32\DBGHELP.DLL
0x00007ff9578e0000 - 0x00007ff957c66000 	C:\Windows\System32\combase.dll
0x00007ff957e20000 - 0x00007ff957f00000 	C:\Windows\System32\OLEAUT32.dll
0x00007ff928010000 - 0x00007ff928053000 	C:\Windows\SYSTEM32\dbgcore.DLL
0x00007ff956a80000 - 0x00007ff956b19000 	C:\Windows\System32\bcryptPrimitives.dll
0x00007ff958fa0000 - 0x00007ff958fd8000 	C:\Program Files\Palo Alto Networks\Traps\cyjagent.dll
0x00007ff92f0c0000 - 0x00007ff92f0e5000 	C:\Users\pedro.sotelo\Documents\Inetum\Capacitacion\OpenJDK17U-jdk_x64_windows_hotspot_17.0.15_6\jdk-17.0.15+6\bin\java.dll
0x00007ff9241f0000 - 0x00007ff92433d000 	C:\Program Files\AppSense\Application Manager\Agent\AMAppHook.dll
0x00007ff958790000 - 0x00007ff958eda000 	C:\Windows\System32\SHELL32.dll
0x00007ff956db0000 - 0x00007ff956f24000 	C:\Windows\System32\wintypes.dll
0x00007ff94ebd0000 - 0x00007ff94ecee000 	C:\Windows\SYSTEM32\WINHTTP.dll
0x00007ff9585d0000 - 0x00007ff95876e000 	C:\Windows\System32\ole32.dll
0x00007ff955010000 - 0x00007ff955360000 	C:\Windows\SYSTEM32\msi.dll
0x00007ff9567c0000 - 0x00007ff9567e6000 	C:\Windows\SYSTEM32\bcrypt.dll
0x00007ff950180000 - 0x00007ff9501d3000 	C:\Windows\SYSTEM32\wevtapi.dll

dbghelp: loaded successfully - version: 4.0.5 - missing functions: none
symbol engine: initialized successfully - sym options: 0x614 - pdb path: .;C:\Users\pedro.sotelo\Documents\Inetum\Capacitacion\OpenJDK17U-jdk_x64_windows_hotspot_17.0.15_6\jdk-17.0.15+6\bin;C:\Windows\SYSTEM32;C:\Windows\WinSxS\amd64_microsoft.windows.common-controls_6595b64144ccf1df_6.0.26100.4484_none_3e0e6d4ce32ef3b3;C:\Program Files\AppSense\Application Manager\Agent;C:\Users\pedro.sotelo\Documents\Inetum\Capacitacion\OpenJDK17U-jdk_x64_windows_hotspot_17.0.15_6\jdk-17.0.15+6\bin\server;C:\Program Files\Palo Alto Networks\Traps

VM Arguments:
jvm_args: -XX:TieredStopAtLevel=1 -Dfile.encoding=UTF-8 -Duser.country=PE -Duser.language=es -Duser.variant -agentpath:C:\Program Files\Palo Alto Networks\Traps\cyjagent.dll 
java_command: com.pedro.notification.NotificationApplication
java_class_path (initial): C:\Users\pedro.sotelo\Downloads\notification (1)\notification\build\classes\java\main;C:\Users\pedro.sotelo\Downloads\notification (1)\notification\build\resources\main;C:\Users\pedro.sotelo\.gradle\caches\modules-2\files-2.1\org.springframework.kafka\spring-kafka\3.3.7\824e65af5590797390b77bbdd2f55570627cface\spring-kafka-3.3.7.jar;C:\Users\pedro.sotelo\.gradle\caches\modules-2\files-2.1\org.springframework.boot\spring-boot-autoconfigure\3.5.3\b03483a9d3c480d064c8380e2d78ea3593ca6cb8\spring-boot-autoconfigure-3.5.3.jar;C:\Users\pedro.sotelo\.gradle\caches\modules-2\files-2.1\org.springframework.boot\spring-boot\3.5.3\1b02976773afc2489df3c22000acaf83d0ada2b2\spring-boot-3.5.3.jar;C:\Users\pedro.sotelo\.gradle\caches\modules-2\files-2.1\jakarta.annotation\jakarta.annotation-api\2.1.1\48b9bda22b091b1f48b13af03fe36db3be6e1ae3\jakarta.annotation-api-2.1.1.jar;C:\Users\pedro.sotelo\.gradle\caches\modules-2\files-2.1\org.springframework\spring-context\6.2.8\9db99fe5f92f587e8f2b26b34a7f42260169925a\spring-context-6.2.8.jar;C:\Users\pedro.sotelo\.gradle\caches\modules-2\files-2.1\org.springframework\spring-messaging\6.2.8\47730e9156b60450dbf4284a219768f2aac506ea\spring-messaging-6.2.8.jar;C:\Users\pedro.sotelo\.gradle\caches\modules-2\files-2.1\org.springframework\spring-tx\6.2.8\6b2eecf34f0810dd989f7e7bfa8fd8c86fe28dfb\spring-tx-6.2.8.jar;C:\Users\pedro.sotelo\.gradle\caches\modules-2\files-2.1\org.springframework\spring-webflux\6.2.8\6a7a83751694719b8bf6601f76b37c91651f1e1e\spring-webflux-6.2.8.jar;C:\Users\pedro.sotelo\.gradle\caches\modules-2\files-2.1\org.springframework\spring-web\6.2.8\7b6a4ffb12639779721bc5adbc7f5ba80db72ff9\spring-web-6.2.8.jar;C:\Users\pedro.sotelo\.gradle\caches\modules-2\files-2.1\org.springframework\spring-aop\6.2.8\435fb310d5f464050b91ac3cb1a7f217a471e62e\spring-aop-6.2.8.jar;C:\Users\pedro.sotelo\.gradle\caches\modules-2\files-2.1\org.springframework\spring-beans\6.2.8\9da1e690f343c30b6ed6eabd5f60ecc5dd0b225a\spri
Launcher Type: SUN_STANDARD

[Global flags]
     intx CICompilerCount                          = 4                                         {product} {ergonomic}
     uint ConcGCThreads                            = 2                                         {product} {ergonomic}
     uint G1ConcRefinementThreads                  = 8                                         {product} {ergonomic}
   size_t G1HeapRegionSize                         = 2097152                                   {product} {ergonomic}
    uintx GCDrainStackTargetSize                   = 64                                        {product} {ergonomic}
   size_t InitialHeapSize                          = 264241152                                 {product} {ergonomic}
   size_t MarkStackSize                            = 4194304                                   {product} {ergonomic}
   size_t MaxHeapSize                              = 4213178368                                {product} {ergonomic}
   size_t MinHeapDeltaBytes                        = 2097152                                   {product} {ergonomic}
   size_t MinHeapSize                              = 8388608                                   {product} {ergonomic}
    uintx NonProfiledCodeHeapSize                  = 0                                      {pd product} {ergonomic}
     bool ProfileInterpreter                       = false                                  {pd product} {command line}
    uintx ProfiledCodeHeapSize                     = 0                                      {pd product} {ergonomic}
   size_t SoftMaxHeapSize                          = 4213178368                             {manageable} {ergonomic}
     intx TieredStopAtLevel                        = 1                                         {product} {command line}
     bool UseCompressedClassPointers               = true                           {product lp64_product} {ergonomic}
     bool UseCompressedOops                        = true                           {product lp64_product} {ergonomic}
     bool UseG1GC                                  = true                                      {product} {ergonomic}
     bool UseLargePagesIndividualAllocation        = false                                  {pd product} {ergonomic}

Logging:
Log output configuration:
 #0: stdout all=warning uptime,level,tags
 #1: stderr all=off uptime,level,tags

Environment Variables:
CLASSPATH=c:\Users\pedro.sotelo\.vscode\extensions\vscjava.vscode-gradle-3.16.4\lib\gradle-server.jar
PATH=C:\Windows\system32;C:\Windows;C:\Windows\System32\Wbem;C:\Windows\System32\WindowsPowerShell\v1.0\;C:\Windows\System32\OpenSSH\;C:\Program Files (x86)\Microsoft SQL Server\160\Tools\Binn\;C:\Program Files\Microsoft SQL Server\160\Tools\Binn\;C:\Program Files\Microsoft SQL Server\Client SDK\ODBC\170\Tools\Binn\;C:\Program Files\Microsoft SQL Server\160\DTS\Binn\;C:\Program Files (x86)\Microsoft SQL Server\160\DTS\Binn\;C:\Program Files\Microsoft SQL Server\150\Tools\Binn\;C:\Program Files\Microsoft SQL Server\130\DTS\Binn\;C:\Program Files\Microsoft SQL Server\140\DTS\Binn\;C:\Program Files\Microsoft SQL Server\150\DTS\Binn\;C:\Program Files\dotnet\;C:\Program Files\Docker\Docker\resources\bin;C:\Users\pedro.sotelo\AppData\Local\Microsoft\WindowsApps;C:\Users\pedro.sotelo\AppData\Local\Programs\Microsoft VS Code\bin;C:\Users\pedro.sotelo\.dotnet\tools
USERNAME=pedro.sotelo
OS=Windows_NT
PROCESSOR_IDENTIFIER=Intel64 Family 6 Model 140 Stepping 1, GenuineIntel
TMP=C:\Users\PEDRO~1.SOT\AppData\Local\Temp
TEMP=C:\Users\PEDRO~1.SOT\AppData\Local\Temp



Periodic native trim disabled


---------------  S Y S T E M  ---------------

OS:
 Windows 11 , 64 bit Build 26100 (10.0.26100.4484)
OS uptime: 1 days 2:12 hours
Hyper-V role detected

CPU: total 8 (initial active 8) (4 cores per cpu, 2 threads per core) family 6 model 140 stepping 1 microcode 0xba, cx8, cmov, fxsr, ht, mmx, 3dnowpref, sse, sse2, sse3, ssse3, sse4.1, sse4.2, popcnt, lzcnt, tsc, tscinvbit, avx, avx2, aes, erms, clmul, bmi1, bmi2, adx, avx512f, avx512dq, avx512cd, avx512bw, avx512vl, sha, fma, vzeroupper, avx512_vpopcntdq, avx512_vpclmulqdq, avx512_vaes, avx512_vnni, clflush, clflushopt, clwb, avx512_vbmi2, avx512_vbmi, hv
Processor Information for all 8 processors :
  Max Mhz: 2995, Current Mhz: 2995, Mhz Limit: 2995

Memory: 4k page, system-wide physical 16064M (1360M free)
TotalPageFile size 46492M (AvailPageFile size 53M)
current process WorkingSet (physical memory assigned to process): 17M, peak: 17M
current process commit charge ("private bytes"): 59M, peak: 311M

vm_info: OpenJDK 64-Bit Server VM (17.0.15+6) for windows-amd64 JRE (17.0.15+6), built on Apr 15 2025 21:25:47 by "admin" with MS VC++ 17.7 (VS2022)

END.
